Using pre-set license
Built from '2020.2/staging' branch; Version is '2020.2.3f1 (8ff31bc5bf5b) revision 9433883'; Using compiler version '192528614'; Build Type 'Release'
OS: 'Windows 10 Home; OS build 19042.1052; Version 2009; 64bit' Language: 'en' Physical Memory: 16324 MB
BatchMode: 1, IsHumanControllingUs: 0, StartBugReporterOnCrash: 0, Is64bit: 1, IsPro: 0

 COMMAND LINE ARGUMENTS:
C:\Program Files\Unity\Hub\Editor\2020.2.3f1\Editor\Unity.exe
-adb2
-batchMode
-noUpm
-name
AssetImportWorker0
-projectPath
C:/Users/Admin/OneDrive/Documents/GitHub/Rocket-Game/Project Boost
-logFile
Logs/AssetImportWorker0.log
-srvPort
64313
Successfully changed project path to: C:/Users/Admin/OneDrive/Documents/GitHub/Rocket-Game/Project Boost
C:/Users/Admin/OneDrive/Documents/GitHub/Rocket-Game/Project Boost
Using Asset Import Pipeline V2.
Refreshing native plugins compatible for Editor in 22.28 ms, found 0 plugins.
Preloading 0 native plugins for Editor in 0.00 ms.
Initialize engine version: 2020.2.3f1 (8ff31bc5bf5b)
[Subsystems] Discovering subsystems at path C:/Program Files/Unity/Hub/Editor/2020.2.3f1/Editor/Data/Resources/UnitySubsystems
[Subsystems] Discovering subsystems at path C:/Users/Admin/OneDrive/Documents/GitHub/Rocket-Game/Project Boost/Assets
GfxDevice: creating device client; threaded=0
Direct3D:
    Version:  Direct3D 11.0 [level 11.1]
    Renderer: NVIDIA GeForce GTX 970 (ID=0x13c2)
    Vendor:   
    VRAM:     4043 MB
    Driver:   27.21.14.6663
Initialize mono
Mono path[0] = 'C:/Program Files/Unity/Hub/Editor/2020.2.3f1/Editor/Data/Managed'
Mono path[1] = 'C:/Program Files/Unity/Hub/Editor/2020.2.3f1/Editor/Data/MonoBleedingEdge/lib/mono/unityjit'
Mono config path = 'C:/Program Files/Unity/Hub/Editor/2020.2.3f1/Editor/Data/MonoBleedingEdge/etc'
Using monoOptions --debugger-agent=transport=dt_socket,embedding=1,server=y,suspend=n,address=127.0.0.1:56200
Begin MonoManager ReloadAssembly
Registering precompiled unity dll's ...
Register platform support module: C:/Program Files/Unity/Hub/Editor/2020.2.3f1/Editor/Data/PlaybackEngines/WindowsStandaloneSupport/UnityEditor.WindowsStandalone.Extensions.dll
Registered in 0.003056 seconds.
Native extension for WindowsStandalone target not found
Refreshing native plugins compatible for Editor in 19.86 ms, found 0 plugins.
Preloading 0 native plugins for Editor in 0.00 ms.
Invoked RoslynAnalysisRunner static constructor.
RoslynAnalysisRunner will not be running.
RoslynAnalysisRunner has terminated.
Mono: successfully reloaded assembly
- Completed reload, in  1.070 seconds
Platform modules already initialized, skipping
Registering precompiled user dll's ...
Registered in 0.000695 seconds.
Begin MonoManager ReloadAssembly
Native extension for WindowsStandalone target not found
Refreshing native plugins compatible for Editor in 0.18 ms, found 0 plugins.
Preloading 0 native plugins for Editor in 0.00 ms.
Invoked RoslynAnalysisRunner static constructor.
RoslynAnalysisRunner will not be running.
RoslynAnalysisRunner has terminated.
Mono: successfully reloaded assembly
- Completed reload, in  0.763 seconds
Platform modules already initialized, skipping
========================================================================
Worker process is ready to serve import requests
Launched and connected shader compiler UnityShaderCompiler.exe after 0.04 seconds
Refreshing native plugins compatible for Editor in 0.18 ms, found 0 plugins.
Preloading 0 native plugins for Editor in 0.00 ms.
Unloading 1101 Unused Serialized files (Serialized files now loaded: 0)
System memory in use before: 56.7 MB.
System memory in use after: 56.8 MB.

Unloading 10 unused Assets to reduce memory usage. Loaded Objects now: 1542.
Total: 1.524000 ms (FindLiveObjects: 0.103100 ms CreateObjectMapping: 0.032700 ms MarkObjects: 1.323700 ms  DeleteObjects: 0.063800 ms)

========================================================================
Received Import Request.
  path: Assets/Materials/Fuel.mat
  artifactKey: Guid(d6b16276d66417347a1509776909034a) Importer(815301076,1909f56bfc062723c751e8b465ee728b)
Start importing Assets/Materials/Fuel.mat using Guid(d6b16276d66417347a1509776909034a) Importer(815301076,1909f56bfc062723c751e8b465ee728b)  -> (artifact id: 'e2f909981f9de6826efa6546b769dbce') in 0.108718 seconds
  Import took 0.111023 seconds .

========================================================================
Received Prepare
Registering precompiled user dll's ...
Registered in 0.000692 seconds.
Begin MonoManager ReloadAssembly
Native extension for WindowsStandalone target not found
Refreshing native plugins compatible for Editor in 0.19 ms, found 0 plugins.
Preloading 0 native plugins for Editor in 0.00 ms.
Invoked RoslynAnalysisRunner static constructor.
RoslynAnalysisRunner will not be running.
RoslynAnalysisRunner has terminated.
Mono: successfully reloaded assembly
- Completed reload, in  0.738 seconds
Platform modules already initialized, skipping
Refreshing native plugins compatible for Editor in 0.19 ms, found 0 plugins.
Preloading 0 native plugins for Editor in 0.00 ms.
Unloading 1096 Unused Serialized files (Serialized files now loaded: 0)
System memory in use before: 60.0 MB.
System memory in use after: 60.1 MB.

Unloading 5 unused Assets to reduce memory usage. Loaded Objects now: 1584.
Total: 1.891900 ms (FindLiveObjects: 0.151400 ms CreateObjectMapping: 0.062500 ms MarkObjects: 1.585700 ms  DeleteObjects: 0.091500 ms)

========================================================================
Received Prepare
Registering precompiled user dll's ...
Registered in 0.000664 seconds.
Begin MonoManager ReloadAssembly
Native extension for WindowsStandalone target not found
Refreshing native plugins compatible for Editor in 0.21 ms, found 0 plugins.
Preloading 0 native plugins for Editor in 0.00 ms.
Invoked RoslynAnalysisRunner static constructor.
RoslynAnalysisRunner will not be running.
RoslynAnalysisRunner has terminated.
Mono: successfully reloaded assembly
- Completed reload, in  0.763 seconds
Platform modules already initialized, skipping
Refreshing native plugins compatible for Editor in 0.19 ms, found 0 plugins.
Preloading 0 native plugins for Editor in 0.00 ms.
Unloading 1096 Unused Serialized files (Serialized files now loaded: 0)
System memory in use before: 60.0 MB.
System memory in use after: 60.1 MB.

Unloading 5 unused Assets to reduce memory usage. Loaded Objects now: 1586.
Total: 1.977200 ms (FindLiveObjects: 0.109500 ms CreateObjectMapping: 0.032700 ms MarkObjects: 1.770000 ms  DeleteObjects: 0.064000 ms)

========================================================================
Received Import Request.
  Time since last request: 656.915495 seconds.
  path: Assets/Prefabs/LandingPad.prefab
  artifactKey: Guid(814088c1ffdbfd54aa178b1bad77fe66) Importer(815301076,1909f56bfc062723c751e8b465ee728b)
Start importing Assets/Prefabs/LandingPad.prefab using Guid(814088c1ffdbfd54aa178b1bad77fe66) Importer(815301076,1909f56bfc062723c751e8b465ee728b)  -> (artifact id: '2d70d9ae5464b0c29aab810cab3d57c0') in 0.055817 seconds
  Import took 0.057701 seconds .

========================================================================
Received Import Request.
  Time since last request: 0.000220 seconds.
  path: Assets/Prefabs/RocketBody.prefab
  artifactKey: Guid(27ba159fad979a94bb7f780cf2e3d9ac) Importer(815301076,1909f56bfc062723c751e8b465ee728b)
Start importing Assets/Prefabs/RocketBody.prefab using Guid(27ba159fad979a94bb7f780cf2e3d9ac) Importer(815301076,1909f56bfc062723c751e8b465ee728b)  -> (artifact id: 'da37a72d36d91959fe81e6d84e6265e8') in 0.023649 seconds
  Import took 0.025907 seconds .

========================================================================
Received Import Request.
  Time since last request: 0.000220 seconds.
  path: Assets/Prefabs/LaunchPad.prefab
  artifactKey: Guid(9c3a7ce043f1f4c46b7bccb85bc229e3) Importer(815301076,1909f56bfc062723c751e8b465ee728b)
Start importing Assets/Prefabs/LaunchPad.prefab using Guid(9c3a7ce043f1f4c46b7bccb85bc229e3) Importer(815301076,1909f56bfc062723c751e8b465ee728b)  -> (artifact id: 'b2c1b0b33f7d2ff404d3c482ab9b6ea3') in 0.017394 seconds
  Import took 0.019207 seconds .

========================================================================
Received Import Request.
  Time since last request: 0.002387 seconds.
  path: Assets/Prefabs/LaunchPad.prefab
  artifactKey: Guid(9c3a7ce043f1f4c46b7bccb85bc229e3) Importer(815301076,1909f56bfc062723c751e8b465ee728b)
Start importing Assets/Prefabs/LaunchPad.prefab using Guid(9c3a7ce043f1f4c46b7bccb85bc229e3) Importer(815301076,1909f56bfc062723c751e8b465ee728b)  -> (artifact id: 'b2c1b0b33f7d2ff404d3c482ab9b6ea3') in 0.010880 seconds
  Import took 0.013501 seconds .

========================================================================
Received Import Request.
  Time since last request: 96.008912 seconds.
  path: Assets/Prefabs/RocketBody.prefab
  artifactKey: Guid(27ba159fad979a94bb7f780cf2e3d9ac) Importer(815301076,1909f56bfc062723c751e8b465ee728b)
Start importing Assets/Prefabs/RocketBody.prefab using Guid(27ba159fad979a94bb7f780cf2e3d9ac) Importer(815301076,1909f56bfc062723c751e8b465ee728b)  -> (artifact id: 'bb21dd0de0f9f5329173e9c47c881f5f') in 0.014788 seconds
  Import took 0.017582 seconds .

========================================================================
Received Import Request.
  Time since last request: 159.283993 seconds.
  path: Assets/Prefabs/RocketBody.prefab
  artifactKey: Guid(27ba159fad979a94bb7f780cf2e3d9ac) Importer(815301076,1909f56bfc062723c751e8b465ee728b)
Start importing Assets/Prefabs/RocketBody.prefab using Guid(27ba159fad979a94bb7f780cf2e3d9ac) Importer(815301076,1909f56bfc062723c751e8b465ee728b)  -> (artifact id: '0fe94ad0be04e5b2fa341adb4b12dd49') in 0.016581 seconds
  Import took 0.018989 seconds .

========================================================================
Received Import Request.
  Time since last request: 43.659417 seconds.
  path: Assets/Prefabs/RocketBody.prefab
  artifactKey: Guid(27ba159fad979a94bb7f780cf2e3d9ac) Importer(815301076,1909f56bfc062723c751e8b465ee728b)
Start importing Assets/Prefabs/RocketBody.prefab using Guid(27ba159fad979a94bb7f780cf2e3d9ac) Importer(815301076,1909f56bfc062723c751e8b465ee728b)  -> (artifact id: 'cd6db8582665abb4de89a13f9a448e61') in 0.015409 seconds
  Import took 0.018065 seconds .

========================================================================
Received Prepare
Registering precompiled user dll's ...
Registered in 0.000696 seconds.
Begin MonoManager ReloadAssembly
Native extension for WindowsStandalone target not found
Refreshing native plugins compatible for Editor in 0.18 ms, found 0 plugins.
Preloading 0 native plugins for Editor in 0.00 ms.
Invoked RoslynAnalysisRunner static constructor.
RoslynAnalysisRunner will not be running.
RoslynAnalysisRunner has terminated.
Mono: successfully reloaded assembly
- Completed reload, in  0.791 seconds
Platform modules already initialized, skipping
Refreshing native plugins compatible for Editor in 0.19 ms, found 0 plugins.
Preloading 0 native plugins for Editor in 0.00 ms.
Unloading 1096 Unused Serialized files (Serialized files now loaded: 0)
System memory in use before: 60.2 MB.
System memory in use after: 60.2 MB.

Unloading 5 unused Assets to reduce memory usage. Loaded Objects now: 1592.
Total: 1.602400 ms (FindLiveObjects: 0.156700 ms CreateObjectMapping: 0.098700 ms MarkObjects: 1.305600 ms  DeleteObjects: 0.040600 ms)

========================================================================
Received Import Request.
  Time since last request: 281.033570 seconds.
  path: Assets/Particles
  artifactKey: Guid(220c05886bd8e5646ac9ef81e384936d) Importer(815301076,1909f56bfc062723c751e8b465ee728b)
Start importing Assets/Particles using Guid(220c05886bd8e5646ac9ef81e384936d) Importer(815301076,1909f56bfc062723c751e8b465ee728b)  -> (artifact id: '29c3c83ef060741f3631133c90498dab') in 0.010689 seconds
  Import took 0.013186 seconds .

========================================================================
Received Import Request.
  Time since last request: 45.768131 seconds.
  path: Assets/Particles/21_PB_UY3 Project Boost Particle Effects
  artifactKey: Guid(2de666985e843154fa16c77f3d313400) Importer(815301076,1909f56bfc062723c751e8b465ee728b)
Start importing Assets/Particles/21_PB_UY3 Project Boost Particle Effects using Guid(2de666985e843154fa16c77f3d313400) Importer(815301076,1909f56bfc062723c751e8b465ee728b)  -> (artifact id: 'd38580d33c5006fdece7d35de729a23a') in 0.008660 seconds
  Import took 0.011189 seconds .

========================================================================
Received Import Request.
  Time since last request: 73.677332 seconds.
  path: Assets/Explosion Particles.prefab
  artifactKey: Guid(ab79a37535b979f48b6de56e3a0a5cb0) Importer(815301076,1909f56bfc062723c751e8b465ee728b)
Start importing Assets/Explosion Particles.prefab using Guid(ab79a37535b979f48b6de56e3a0a5cb0) Importer(815301076,1909f56bfc062723c751e8b465ee728b)  -> (artifact id: '4fec826919c7b137994678c875997771') in 0.035767 seconds
  Import took 0.039523 seconds .

========================================================================
Received Import Request.
  Time since last request: 0.000345 seconds.
  path: Assets/Rocket Jet Particles.prefab
  artifactKey: Guid(a3553fd250eb92d4091bebde350c6739) Importer(815301076,1909f56bfc062723c751e8b465ee728b)
Start importing Assets/Rocket Jet Particles.prefab using Guid(a3553fd250eb92d4091bebde350c6739) Importer(815301076,1909f56bfc062723c751e8b465ee728b)  -> (artifact id: '553bfa7350c24ce0b562f8ae788f5d3b') in 0.013083 seconds
  Import took 0.015508 seconds .

========================================================================
Received Import Request.
  Time since last request: 0.000184 seconds.
  path: Assets/Side Thruster Particles.prefab
  artifactKey: Guid(d4b06ebeeaf0ac044aeed997d98443c2) Importer(815301076,1909f56bfc062723c751e8b465ee728b)
Start importing Assets/Side Thruster Particles.prefab using Guid(d4b06ebeeaf0ac044aeed997d98443c2) Importer(815301076,1909f56bfc062723c751e8b465ee728b)  -> (artifact id: '3facfd4781b848ad0ff2a9955c8d3acd') in 0.011371 seconds
  Import took 0.014150 seconds .

========================================================================
Received Import Request.
  Time since last request: 0.000258 seconds.
  path: Assets/Success Particles.prefab
  artifactKey: Guid(62198a3a5dbb64a4f9e1618929224faa) Importer(815301076,1909f56bfc062723c751e8b465ee728b)
Start importing Assets/Success Particles.prefab using Guid(62198a3a5dbb64a4f9e1618929224faa) Importer(815301076,1909f56bfc062723c751e8b465ee728b)  -> (artifact id: '921669281169bf14889073f050dc8024') in 0.010999 seconds
  Import took 0.013278 seconds .

========================================================================
Received Prepare
Registering precompiled user dll's ...
Registered in 0.000678 seconds.
Begin MonoManager ReloadAssembly
Native extension for WindowsStandalone target not found
Refreshing native plugins compatible for Editor in 0.19 ms, found 0 plugins.
Preloading 0 native plugins for Editor in 0.00 ms.
Invoked RoslynAnalysisRunner static constructor.
RoslynAnalysisRunner will not be running.
RoslynAnalysisRunner has terminated.
Mono: successfully reloaded assembly
- Completed reload, in  0.761 seconds
Platform modules already initialized, skipping
Refreshing native plugins compatible for Editor in 0.35 ms, found 0 plugins.
Preloading 0 native plugins for Editor in 0.00 ms.
Unloading 1096 Unused Serialized files (Serialized files now loaded: 0)
System memory in use before: 60.2 MB.
System memory in use after: 60.2 MB.

Unloading 5 unused Assets to reduce memory usage. Loaded Objects now: 1594.
Total: 1.467800 ms (FindLiveObjects: 0.129100 ms CreateObjectMapping: 0.050800 ms MarkObjects: 1.230000 ms  DeleteObjects: 0.056800 ms)

========================================================================
Received Prepare
Registering precompiled user dll's ...
Registered in 0.000711 seconds.
Begin MonoManager ReloadAssembly
Native extension for WindowsStandalone target not found
Refreshing native plugins compatible for Editor in 0.18 ms, found 0 plugins.
Preloading 0 native plugins for Editor in 0.00 ms.
Invoked RoslynAnalysisRunner static constructor.
RoslynAnalysisRunner will not be running.
RoslynAnalysisRunner has terminated.
Mono: successfully reloaded assembly
- Completed reload, in  0.749 seconds
Platform modules already initialized, skipping
Refreshing native plugins compatible for Editor in 0.19 ms, found 0 plugins.
Preloading 0 native plugins for Editor in 0.00 ms.
Unloading 1096 Unused Serialized files (Serialized files now loaded: 0)
System memory in use before: 60.2 MB.
System memory in use after: 60.2 MB.

Unloading 5 unused Assets to reduce memory usage. Loaded Objects now: 1596.
Total: 1.861600 ms (FindLiveObjects: 0.149700 ms CreateObjectMapping: 0.066000 ms MarkObjects: 1.554400 ms  DeleteObjects: 0.090500 ms)

========================================================================
Received Import Request.
  Time since last request: 660.243781 seconds.
  path: Assets/Prefabs/RocketBody.prefab
  artifactKey: Guid(27ba159fad979a94bb7f780cf2e3d9ac) Importer(815301076,1909f56bfc062723c751e8b465ee728b)
Start importing Assets/Prefabs/RocketBody.prefab using Guid(27ba159fad979a94bb7f780cf2e3d9ac) Importer(815301076,1909f56bfc062723c751e8b465ee728b)  -> (artifact id: '7a4f818f35942c7517a1f3bd4ffd6ddc') in 0.057155 seconds
  Import took 0.059432 seconds .

========================================================================
Received Prepare
Registering precompiled user dll's ...
Registered in 0.000618 seconds.
Begin MonoManager ReloadAssembly
Native extension for WindowsStandalone target not found
Refreshing native plugins compatible for Editor in 0.36 ms, found 0 plugins.
Preloading 0 native plugins for Editor in 0.00 ms.
Invoked RoslynAnalysisRunner static constructor.
RoslynAnalysisRunner will not be running.
RoslynAnalysisRunner has terminated.
Mono: successfully reloaded assembly
- Completed reload, in  0.815 seconds
Platform modules already initialized, skipping
Refreshing native plugins compatible for Editor in 0.19 ms, found 0 plugins.
Preloading 0 native plugins for Editor in 0.00 ms.
Unloading 1096 Unused Serialized files (Serialized files now loaded: 0)
System memory in use before: 60.2 MB.
System memory in use after: 60.3 MB.

Unloading 5 unused Assets to reduce memory usage. Loaded Objects now: 1599.
Total: 1.608000 ms (FindLiveObjects: 0.115100 ms CreateObjectMapping: 0.044000 ms MarkObjects: 1.405400 ms  DeleteObjects: 0.042500 ms)

AssetImportWorkerClient::OnTransportError - code=2 error=End of file
